SF:/Users/wolf/Coden/L0gg3r/L0gg3r.Logsinks.Test/src/LogToExtensions.cs
FN:23,L0gg3r.Builder.LoggerBuilder L0gg3r.LogSinks.Test.LogToExtensions::TestLogSink(L0gg3r.Builder.LogTo)
FNDA:1,L0gg3r.Builder.LoggerBuilder L0gg3r.LogSinks.Test.LogToExtensions::TestLogSink(L0gg3r.Builder.LogTo)
DA:24,1
DA:25,1
DA:27,1
DA:29,1
DA:30,1
FN:32,L0gg3r.Builder.LoggerBuilder L0gg3r.LogSinks.Test.LogToExtensions::TestLogSink(L0gg3r.Builder.LogTo,System.Action`1<L0gg3r.LogSinks.Test.TestLogSinkBuilder>)
FNDA:1,L0gg3r.Builder.LoggerBuilder L0gg3r.LogSinks.Test.LogToExtensions::TestLogSink(L0gg3r.Builder.LogTo,System.Action`1<L0gg3r.LogSinks.Test.TestLogSinkBuilder>)
DA:33,1
DA:34,1
DA:35,1
DA:37,1
DA:39,1
DA:41,1
DA:42,1
LF:12
LH:12
BRF:0
BRH:0
FNF:2
FNH:2
end_of_record
SF:/Users/wolf/Coden/L0gg3r/L0gg3r.Logsinks.Test/src/TestLogSink.cs
FN:33,System.Collections.Generic.IEnumerable`1<L0gg3r.Base.LogMessage> L0gg3r.LogSinks.Test.TestLogSink::get_LogMessages()
FNDA:0,System.Collections.Generic.IEnumerable`1<L0gg3r.Base.LogMessage> L0gg3r.LogSinks.Test.TestLogSink::get_LogMessages()
DA:34,0
FN:43,System.Void L0gg3r.LogSinks.Test.TestLogSink::Clear()
FNDA:0,System.Void L0gg3r.LogSinks.Test.TestLogSink::Clear()
DA:44,0
FN:51,System.Threading.Tasks.ValueTask L0gg3r.LogSinks.Test.TestLogSink::WriteAsync(L0gg3r.Base.LogMessage& modreq(System.Runtime.InteropServices.InAttribute))
FNDA:0,System.Threading.Tasks.ValueTask L0gg3r.LogSinks.Test.TestLogSink::WriteAsync(L0gg3r.Base.LogMessage& modreq(System.Runtime.InteropServices.InAttribute))
DA:52,0
DA:53,0
DA:55,0
DA:56,0
FN:60,System.String L0gg3r.LogSinks.Test.TestLogSink::GetDebuggerDisplay()
FNDA:0,System.String L0gg3r.LogSinks.Test.TestLogSink::GetDebuggerDisplay()
DA:61,0
FN:24,System.Void L0gg3r.LogSinks.Test.TestLogSink::.ctor()
FNDA:2,System.Void L0gg3r.LogSinks.Test.TestLogSink::.ctor()
DA:25,2
LF:8
LH:1
BRF:0
BRH:0
FNF:5
FNH:1
end_of_record